<?xml version="1.0" encoding="UTF-8"?>
<!-- Generated by org.testng.reporters.JUnitReportReporter -->
<testsuite hostname="DESKTOP-GUNP2HD" failures="0" tests="1" name="sampleMaventest.orange_hrm" time="15.731" errors="0" timestamp="2024-01-31T23:28:09 IST" skipped="0">
  <testcase classname="sampleMaventest.orange_hrm" name="f" time="15.731"/>
</testsuite> <!-- sampleMaventest.orange_hrm -->
