<?xml version="1.0" encoding="UTF-8"?>
<!-- Generated by org.testng.reporters.JUnitReportReporter -->
<testsuite hostname="DESKTOP-GUNP2HD" failures="0" tests="1" name="sampleMaventest.Practical" time="22.277" errors="0" timestamp="2024-01-31T23:31:37 IST" skipped="0">
  <testcase classname="sampleMaventest.Practical" name="f" time="22.277"/>
</testsuite> <!-- sampleMaventest.Practical -->
