<?xml version="1.0" encoding="UTF-8"?>
<!-- Generated by org.testng.reporters.JUnitReportReporter -->
<testsuite hostname="DESKTOP-GUNP2HD" failures="0" tests="1" name="sampleMaventest.sample_website" time="36.190" errors="0" timestamp="2024-01-31T23:32:37 IST" skipped="0">
  <testcase classname="sampleMaventest.sample_website" name="f" time="36.190"/>
</testsuite> <!-- sampleMaventest.sample_website -->
