<?xml version="1.0" encoding="UTF-8"?>
<!-- Generated by org.testng.reporters.JUnitReportReporter -->
<testsuite hostname="DESKTOP-GUNP2HD" failures="0" tests="1" name="sampleMaventest.Testttttt" time="11.919" errors="0" timestamp="2024-01-30T19:49:19 IST" skipped="0">
  <testcase classname="sampleMaventest.Testttttt" name="f" time="11.919"/>
</testsuite> <!-- sampleMaventest.Testttttt -->
