<?xml version="1.0" encoding="UTF-8"?>
<!-- Generated by org.testng.reporters.JUnitReportReporter -->
<testsuite hostname="DESKTOP-GUNP2HD" failures="0" tests="1" name="sampleMaventest.one" time="13.017" errors="0" timestamp="2024-01-31T22:19:26 IST" skipped="0">
  <testcase classname="sampleMaventest.one" name="f" time="13.017"/>
</testsuite> <!-- sampleMaventest.one -->
