<?xml version="1.0" encoding="UTF-8"?>
<!-- Generated by org.testng.reporters.JUnitReportReporter -->
<testsuite hostname="DESKTOP-GUNP2HD" failures="0" tests="1" name="sampleMaventest.dbs" time="14.726" errors="0" timestamp="2024-01-31T22:38:25 IST" skipped="0">
  <testcase classname="sampleMaventest.dbs" name="f" time="14.726"/>
</testsuite> <!-- sampleMaventest.dbs -->
