<?xml version="1.0" encoding="UTF-8"?>
<!-- Generated by org.testng.reporters.JUnitReportReporter -->
<testsuite hostname="DESKTOP-GUNP2HD" failures="0" tests="1" name="sampleMaventest.autoscript" time="14.443" errors="0" timestamp="2024-01-31T22:02:53 IST" skipped="0">
  <testcase classname="sampleMaventest.autoscript" name="f" time="14.443"/>
</testsuite> <!-- sampleMaventest.autoscript -->
