<?xml version="1.0" encoding="UTF-8"?>
<!-- Generated by org.testng.reporters.JUnitReportReporter -->
<testsuite hostname="DESKTOP-GUNP2HD" failures="0" tests="1" name="sampleMaventest.Irctc" time="15.696" errors="0" timestamp="2024-02-01T23:48:45 IST" skipped="0">
  <testcase classname="sampleMaventest.Irctc" name="f" time="15.696"/>
</testsuite> <!-- sampleMaventest.Irctc -->
